<?xml version="1.0" encoding="UTF-8"?>
<!-- Generated by org.testng.reporters.JUnitReportReporter -->
<testsuite hostname="DESKTOP-JKKH6Q5" failures="0" tests="1" name="com.testActitime.testcases.Prac" time="1.014" errors="0" timestamp="2023-07-05T19:07:11 IST" skipped="0">
  <testcase classname="com.testActitime.testcases.Prac" name="test" time="1.014"/>
  <system-out/>
</testsuite> <!-- com.testActitime.testcases.Prac -->
