<?xml version="1.0" encoding="UTF-8"?>
<!-- Generated by org.testng.reporters.JUnitReportReporter -->
<testsuite hostname="DESKTOP-JKKH6Q5" failures="0" tests="1" name="com.testActitime.testcases.Practice" time="16.522" errors="0" timestamp="2023-07-03T21:49:25 IST" skipped="0">
  <testcase classname="com.testActitime.testcases.Practice" name="launch" time="16.522"/>
  <system-out/>
</testsuite> <!-- com.testActitime.testcases.Practice -->
